Flow report for lab_2_part1
Wed Apr 14 21:58:18 2021
Quartus II 32-bit Version 13.0.1 Build 232 06/12/2013 Service Pack 1 SJ Web Edition


---------------------
; Table of Contents ;
---------------------
  1. Legal Notice
  2. Flow Summary
  3. Flow Settings
  4. Flow Non-Default Global Settings
  5. Flow Elapsed Time
  6. Flow OS Summary
  7. Flow Log
  8. Flow Messages
  9. Flow Suppressed Messages



----------------
; Legal Notice ;
----------------
Copyright (C) 1991-2013 Altera Corporation
Your use of Altera Corporation's design tools, logic functions 
and other software and tools, and its AMPP partner logic 
functions, and any output files from any of the foregoing 
(including device programming or simulation files), and any 
associated documentation or information are expressly subject 
to the terms and conditions of the Altera Program License 
Subscription Agreement, Altera MegaCore Function License 
Agreement, or other applicable license agreement, including, 
without limitation, that your use is for the sole purpose of 
programming logic devices manufactured by Altera and sold by 
Altera or its authorized distributors.  Please refer to the 
applicable agreement for further details.



+--------------------------------------------------------------------------------------+
; Flow Summary                                                                         ;
+------------------------------------+-------------------------------------------------+
; Flow Status                        ; Successful - Wed Apr 14 21:58:18 2021           ;
; Quartus II 32-bit Version          ; 13.0.1 Build 232 06/12/2013 SP 1 SJ Web Edition ;
; Revision Name                      ; lab_2_part1                                     ;
; Top-level Entity Name              ; lab_2_part1                                     ;
; Family                             ; Cyclone IV GX                                   ;
; Total logic elements               ; 3 / 14,400 ( < 1 % )                            ;
;     Total combinational functions  ; 2 / 14,400 ( < 1 % )                            ;
;     Dedicated logic registers      ; 3 / 14,400 ( < 1 % )                            ;
; Total registers                    ; 3                                               ;
; Total pins                         ; 3 / 81 ( 4 % )                                  ;
; Total virtual pins                 ; 0                                               ;
; Total memory bits                  ; 0 / 552,960 ( 0 % )                             ;
; Embedded Multiplier 9-bit elements ; 0                                               ;
; Total GXB Receiver Channel PCS     ; 0 / 2 ( 0 % )                                   ;
; Total GXB Receiver Channel PMA     ; 0 / 2 ( 0 % )                                   ;
; Total GXB Transmitter Channel PCS  ; 0 / 2 ( 0 % )                                   ;
; Total GXB Transmitter Channel PMA  ; 0 / 2 ( 0 % )                                   ;
; Total PLLs                         ; 0 / 3 ( 0 % )                                   ;
; Device                             ; EP4CGX15BF14C6                                  ;
; Timing Models                      ; Final                                           ;
+------------------------------------+-------------------------------------------------+


+-----------------------------------------+
; Flow Settings                           ;
+-------------------+---------------------+
; Option            ; Setting             ;
+-------------------+---------------------+
; Start date & time ; 04/14/2021 21:56:54 ;
; Main task         ; Compilation         ;
; Revision Name     ; lab_2_part1         ;
+-------------------+---------------------+


+------------------------------------------------------------------------------------------------------------------+
; Flow Non-Default Global Settings                                                                                 ;
+-------------------------------------+---------------------------------+---------------+-------------+------------+
; Assignment Name                     ; Value                           ; Default Value ; Entity Name ; Section Id ;
+-------------------------------------+---------------------------------+---------------+-------------+------------+
; COMPILER_SIGNATURE_ID               ; 193675815540324.161842661419268 ; --            ; --          ; --         ;
; PARTITION_COLOR                     ; 16764057                        ; --            ; --          ; Top        ;
; PARTITION_FITTER_PRESERVATION_LEVEL ; PLACEMENT_AND_ROUTING           ; --            ; --          ; Top        ;
; PARTITION_NETLIST_TYPE              ; SOURCE                          ; --            ; --          ; Top        ;
; PROJECT_OUTPUT_DIRECTORY            ; output_files                    ; --            ; --          ; --         ;
+-------------------------------------+---------------------------------+---------------+-------------+------------+


+-------------------------------------------------------------------------------------------------------------------------------+
; Flow Elapsed Time                                                                                                             ;
+---------------------------+--------------+-------------------------+---------------------+------------------------------------+
; Module Name               ; Elapsed Time ; Average Processors Used ; Peak Virtual Memory ; Total CPU Time (on all processors) ;
+---------------------------+--------------+-------------------------+---------------------+------------------------------------+
; Analysis & Synthesis      ; 00:00:01     ; 1.0                     ; 393 MB              ; 00:00:01                           ;
; Fitter                    ; 00:00:07     ; 1.0                     ; 573 MB              ; 00:00:05                           ;
; Assembler                 ; 00:00:01     ; 1.0                     ; 377 MB              ; 00:00:01                           ;
; TimeQuest Timing Analyzer ; 00:00:02     ; 1.0                     ; 379 MB              ; 00:00:02                           ;
; EDA Netlist Writer        ; 00:00:01     ; 1.0                     ; 347 MB              ; 00:00:01                           ;
; EDA Netlist Writer        ; 00:00:01     ; 1.0                     ; 350 MB              ; 00:00:01                           ;
; EDA Netlist Writer        ; 00:00:00     ; 1.0                     ; 347 MB              ; 00:00:01                           ;
; EDA Netlist Writer        ; 00:00:00     ; 1.0                     ; 350 MB              ; 00:00:01                           ;
; Total                     ; 00:00:13     ; --                      ; --                  ; 00:00:13                           ;
+---------------------------+--------------+-------------------------+---------------------+------------------------------------+


+----------------------------------------------------------------------------------------+
; Flow OS Summary                                                                        ;
+---------------------------+------------------+-----------+------------+----------------+
; Module Name               ; Machine Hostname ; OS Name   ; OS Version ; Processor type ;
+---------------------------+------------------+-----------+------------+----------------+
; Analysis & Synthesis      ; ROXINOUS-LP      ; Windows 7 ; 6.2        ; x86_64         ;
; Fitter                    ; ROXINOUS-LP      ; Windows 7 ; 6.2        ; x86_64         ;
; Assembler                 ; ROXINOUS-LP      ; Windows 7 ; 6.2        ; x86_64         ;
; TimeQuest Timing Analyzer ; ROXINOUS-LP      ; Windows 7 ; 6.2        ; x86_64         ;
; EDA Netlist Writer        ; ROXINOUS-LP      ; Windows 7 ; 6.2        ; x86_64         ;
; EDA Netlist Writer        ; ROXINOUS-LP      ; Windows 7 ; 6.2        ; x86_64         ;
; EDA Netlist Writer        ; ROXINOUS-LP      ; Windows 7 ; 6.2        ; x86_64         ;
; EDA Netlist Writer        ; ROXINOUS-LP      ; Windows 7 ; 6.2        ; x86_64         ;
+---------------------------+------------------+-----------+------------+----------------+


------------
; Flow Log ;
------------
quartus_map --read_settings_files=on --write_settings_files=off lab_2_part1 -c lab_2_part1
quartus_fit --read_settings_files=off --write_settings_files=off lab_2_part1 -c lab_2_part1
quartus_asm --read_settings_files=off --write_settings_files=off lab_2_part1 -c lab_2_part1
quartus_sta lab_2_part1 -c lab_2_part1
quartus_eda --gen_testbench --check_outputs=on --tool=modelsim_oem --format=verilog lab_2_part1 -c lab_2_part1 --vector_source=C:/Users/diyap/OneDrive/Masaüstü/lab_2_part1/Waveform.vwf --testbench_file=./simulation/qsim/lab_2_part1.vt
quartus_eda --functional=on --simulation=on --tool=modelsim_oem --format=verilog lab_2_part1 -c lab_2_part1
quartus_eda --gen_testbench --check_outputs=on --tool=modelsim_oem --format=verilog lab_2_part1 -c lab_2_part1 --vector_source=C:/Users/diyap/OneDrive/Masaüstü/lab_2_part1/Waveform.vwf --testbench_file=./simulation/qsim/lab_2_part1.vt
quartus_eda --functional=on --simulation=on --tool=modelsim_oem --format=verilog lab_2_part1 -c lab_2_part1



